Arguments: 
  /Users/rhino/.nvm/versions/node/v9.2.1/bin/node /usr/local/Cellar/yarn/1.9.4/libexec/bin/yarn.js

PATH: 
  /Users/rhino/google-cloud-sdk/bin:/opt/chefdk/bin:/Users/rhino/.chefdk/gem/ruby/2.3.0/bin:/opt/chefdk/embedded/bin:/Users/rhino/.nvm/versions/node/v9.2.1/bin:/usr/local/bin:/usr/bin:/bin:/usr/sbin:/sbin:/Users/rhino/Work/beam/beam/dist:/Users/rhino/Work/packer:/Library/TeX/texbin:/usr/local/share/dotnet:/Library/Frameworks/Mono.framework/Versions/Current/Commands:/Users/rhino/.rvm/bin:/Users/rhino/.chefdk/gem/ruby/2.3.0/bin:/usr/local/bin:/Users/rhino/.rvm/bin:/opt/chefdk/gitbin

Yarn version: 
  1.9.4

Node version: 
  9.2.1

Platform: 
  darwin x64

Trace: 
  Error: https://registry.yarnpkg.com/brightspot-styleguide: Not found
      at Request.params.callback [as _callback] (/usr/local/Cellar/yarn/1.9.4/libexec/lib/cli.js:64202:18)
      at Request.self.callback (/usr/local/Cellar/yarn/1.9.4/libexec/lib/cli.js:137468:22)
      at Request.emit (events.js:159:13)
      at Request.<anonymous> (/usr/local/Cellar/yarn/1.9.4/libexec/lib/cli.js:138440:10)
      at Request.emit (events.js:159:13)
      at IncomingMessage.<anonymous> (/usr/local/Cellar/yarn/1.9.4/libexec/lib/cli.js:138362:12)
      at Object.onceWrapper (events.js:254:19)
      at IncomingMessage.emit (events.js:164:20)
      at endReadableNT (_stream_readable.js:1054:12)
      at _combinedTickCallback (internal/process/next_tick.js:138:11)

npm manifest: 
  {
    "name": "brightspot-starter-theme",
    "version": "4.0.3",
    "private": true,
    "license": "UNLICENSED",
    "devDependencies": {
      "autoprefixer": "^6.5.1",
      "babel-eslint": "^7.2.1",
      "babel-polyfill": "6.23.0",
      "brightspot-styleguide": "3.0.668-x6a0c08",
      "capitalize": "^1.0.0",
      "child_process": "^1.0.2",
      "fs-extra": "1.0.0",
      "glob": "7.1.1",
      "gulp": "^3.9.1",
      "gulp-artifactory-upload": "^1.3.0",
      "gulp-clean-css": "^3.8.0",
      "gulp-concat": "2.6.1",
      "gulp-file": "0.3.0",
      "gulp-flatten": "^0.3.1",
      "gulp-if": "2.0.2",
      "gulp-install": "^1.1.0",
      "gulp-less": "3.1.0",
      "gulp-load-plugins": "^1.4.0",
      "gulp-postcss": "6.2.0",
      "gulp-rename": "1.2.2",
      "gulp-sourcemaps": "2.1.1",
      "gulp-string-replace": "^0.4.0",
      "gulp-uglify": "2.0.0",
      "minimist": "1.2.0",
      "node-dir": "^0.1.16",
      "systemjs-builder": "^0.15.32",
      "systemjs-plugin-babel": "^0.0.21"
    },
    "dependencies": {
      "css-vars-ponyfill": "^1.3.0",
      "hammerjs": "^2.0.8",
      "imagesloaded": "^4.1.4",
      "is_js": "^0.9.0",
      "jquery": "2.1.4",
      "lazysizes": "^4.0.2",
      "masonry-layout": "4.1.0",
      "normalize.css": "3.0.3",
      "picturefill": "^3.0.2",
      "popper.js": "^1.12.5",
      "shave": "^2.1.3",
      "slick-carousel": "^1.8.1",
      "snabbdom": "^0.7.0",
      "vex-js": "2.3.2",
      "whatwg-fetch": "^2.0.3"
    },
    "scripts": {
      "gulp": "gulp",
      "yarn-clean": "yarn cache clean && yarn upgrade"
    },
    "standard": {
      "parser": "babel-eslint"
    },
    "_hidden": true
  }

yarn manifest: 
  No manifest

Lockfile: 
  No lockfile
